[I][2021-02-03 09:52:21.015623][S][ITS-SSP-V1.0000000028400010001000000000120210203-095220cyshin                           Y000000021400010001N                    ...230]
[I][2021-02-03 09:52:58.091240][S][ITS-SSP-V1.0000000023900030003000000000320210203-095258cyshin              0443714413539N000000011100030003N                    <?xml version="1.0" encoding="ISO-8859-1"?><msg no="3" ver="0000000000000000"><t1><![CDATA[cyshin]]></t1></msg>081]
[I][2021-02-03 09:52:58.133896][R][ITS-SSP-V1.0000000509100010002000000000020210203-095220cyshin              0443714413539Y000004326400010001                     ...046]
[I][2021-02-03 11:03:00.123193][S][ITS-SSP-V1.0000000028400010001000000000120210203-110300cyshin                           Y000000021400010001N                    ...217]
[I][2021-02-03 11:03:09.883590][S][ITS-SSP-V1.0000000023900030003000000000220210203-110309cyshin              0370951417778N000000011100030002N                    <?xml version="1.0" encoding="ISO-8859-1"?><msg no="3" ver="0000000000000000"><t1><![CDATA[cyshin]]></t1></msg>075]
[I][2021-02-03 11:03:09.915510][R][ITS-SSP-V1.0000000509100010002000000000020210203-110259cyshin              0370951417778Y000004326400010001                     ...057]
[I][2021-02-03 11:26:04.172833][S][ITS-SSP-V1.0000000028400010001000000000120210203-112604cyshin                           Y000000021400010001N                    ...226]
[I][2021-02-03 11:43:15.988514][S][ITS-SSP-V1.0000000028400010001000000000120210203-114315cyshin                           Y000000021400010001N                    ...227]
[I][2021-02-03 11:43:26.149617][S][ITS-SSP-V1.0000000023900030003000000000220210203-114326cyshin              0457580020194N000000011100030002N                    <?xml version="1.0" encoding="ISO-8859-1"?><msg no="3" ver="0000000000000000"><t1><![CDATA[cyshin]]></t1></msg>064]
[I][2021-02-03 11:43:26.184892][R][ITS-SSP-V1.0000000509100010002000000000020210203-114315cyshin              0457580020194Y000004326400010001                     ...040]
[I][2021-02-03 11:43:35.550235][S][ITS-SSP-V1.0000000028400010001000000000120210203-114335cyshin                           Y000000021400010001N                    ...229]
[I][2021-02-03 12:10:17.465371][S][ITS-SSP-V1.0000000023900030003000000005520210203-121017cyshin              0412507220214N000000011100030037N                    <?xml version="1.0" encoding="ISO-8859-1"?><msg no="3" ver="0000000000000000"><t1><![CDATA[cyshin]]></t1></msg>060]
[I][2021-02-03 12:10:17.515224][R][ITS-SSP-V1.0000000509100010002000000000020210203-114335cyshin              0412507220214Y000004326400010001                     ...027]
[I][2021-02-03 12:26:57.002989][S][ITS-SSP-V1.0000000028300010001000000000120210203-122656cyshin                           Y000000021300010001N                    ...216]
[I][2021-02-03 12:26:59.165879][R][ITS-SSP-V1.0000000027100010010000000000020210203-122656cyshin              0157009322815N000000014300010001                     <?xml version="1.0" encoding="ISO-8859-1" ?><msg no="10" ver=""><t6>18</t6><t7><![CDATA[비밀번호를 잘못 입력하였습니다.]]></t7><t8>1</t8></msg>115]
[I][2021-02-03 12:27:00.880881][S][ITS-SSP-V1.0000000028400010001000000000220210203-122700cyshin                           Y000000021400010002N                    ...226]
[I][2021-02-03 12:27:22.426454][S][ITS-SSP-V1.0000000023900030003000000000320210203-122722cyshin              0157009322815N000000011100030003N                    <?xml version="1.0" encoding="ISO-8859-1"?><msg no="3" ver="0000000000000000"><t1><![CDATA[cyshin]]></t1></msg>063]
[I][2021-02-03 12:27:22.475323][R][ITS-SSP-V1.0000000509100010002000000000120210203-122700cyshin              0157009322815Y000004326400010002                     ...037]
[I][2021-02-03 13:26:15.097136][S][ITS-SSP-V1.0000000028400010001000000000120210203-132615cyshin                           Y000000021400010001N                    ...230]
[I][2021-02-03 13:26:23.529521][S][ITS-SSP-V1.0000000023900030003000000000220210203-132623cyshin              0163268326373N000000011100030002N                    <?xml version="1.0" encoding="ISO-8859-1"?><msg no="3" ver="0000000000000000"><t1><![CDATA[cyshin]]></t1></msg>069]
[I][2021-02-03 13:26:23.582035][R][ITS-SSP-V1.0000000509100010002000000000020210203-132614cyshin              0163268326373Y000004326400010001                     ...047]
[I][2021-02-03 13:28:03.048743][S][ITS-SSP-V1.0000000028400010001000000000120210203-132803cyshin                           Y000000021400010001N                    ...229]
[I][2021-02-03 13:37:10.460777][S][ITS-SSP-V1.0000000023900030003000000002020210203-133710cyshin              0157072526481N000000011100030014N                    <?xml version="1.0" encoding="ISO-8859-1"?><msg no="3" ver="0000000000000000"><t1><![CDATA[cyshin]]></t1></msg>068]
[I][2021-02-03 13:37:10.490698][R][ITS-SSP-V1.0000000509100010002000000000020210203-132802cyshin              0157072526481Y000004326400010001                     ...044]
[I][2021-02-03 13:53:32.436731][S][ITS-SSP-V1.0000000028400010001000000000120210203-135332cyshin                           Y000000021400010001N                    ...229]
[I][2021-02-03 13:54:07.140054][S][ITS-SSP-V1.0000000023900030003000000000320210203-135407cyshin              0195011928010N000000011100030003N                    <?xml version="1.0" encoding="ISO-8859-1"?><msg no="3" ver="0000000000000000"><t1><![CDATA[cyshin]]></t1></msg>061]
[I][2021-02-03 13:54:07.171968][R][ITS-SSP-V1.0000000509100010002000000000020210203-135332cyshin              0195011928010Y000004326400010001                     ...034]
[I][2021-02-03 14:07:59.756105][S][ITS-SSP-V1.0000000028400010001000000000120210203-140759cyshin                           Y000000021400010001N                    ...238]
[I][2021-02-03 14:08:15.189696][S][ITS-SSP-V1.0000000023900030003000000000220210203-140815cyshin              0128959228878N000000011100030002N                    <?xml version="1.0" encoding="ISO-8859-1"?><msg no="3" ver="0000000000000000"><t1><![CDATA[cyshin]]></t1></msg>090]
[I][2021-02-03 14:08:15.225164][R][ITS-SSP-V1.0000000509100010002000000000020210203-140759cyshin              0128959228878Y000004326400010001                     ...075]
[I][2021-02-03 14:10:38.412309][S][ITS-SSP-V1.0000000028400010001000000000120210203-141038cyshin                           Y000000021400010001N                    ...229]
[I][2021-02-03 14:10:55.670663][S][ITS-SSP-V1.0000000023900030003000000000220210203-141055cyshin              0193026329036N000000011100030002N                    <?xml version="1.0" encoding="ISO-8859-1"?><msg no="3" ver="0000000000000000"><t1><![CDATA[cyshin]]></t1></msg>062]
[I][2021-02-03 14:10:55.709546][R][ITS-SSP-V1.0000000509100010002000000000020210203-141038cyshin              0193026329036Y000004326400010001                     ...041]
[I][2021-02-03 14:42:02.966133][S][ITS-SSP-V1.0000000028400010001000000000120210203-144202cyshin                           Y000000021400010001N                    ...225]
[I][2021-02-03 14:42:12.841063][S][ITS-SSP-V1.0000000023900030003000000000220210203-144212cyshin              0146836230921N000000011100030002N                    <?xml version="1.0" encoding="ISO-8859-1"?><msg no="3" ver="0000000000000000"><t1><![CDATA[cyshin]]></t1></msg>061]
[I][2021-02-03 14:42:12.870977][R][ITS-SSP-V1.0000000509100010002000000000020210203-144202cyshin              0146836230921Y000004326400010001                     ...038]
[I][2021-02-03 14:43:26.371599][S][ITS-SSP-V1.0000000028400010001000000000120210203-144326cyshin                           Y000000021400010001N                    ...232]
[I][2021-02-03 14:43:37.617001][S][ITS-SSP-V1.0000000023900030003000000000220210203-144337cyshin              0186659831004N000000011100030002N                    <?xml version="1.0" encoding="ISO-8859-1"?><msg no="3" ver="0000000000000000"><t1><![CDATA[cyshin]]></t1></msg>075]
[I][2021-02-03 14:43:37.652585][R][ITS-SSP-V1.0000000509100010002000000000020210203-144326cyshin              0186659831004Y000004326400010001                     ...051]
[I][2021-02-03 14:43:56.887283][S][ITS-SSP-V1.0000000028400010001000000000120210203-144356cyshin                           Y000000021400010001N                    ...235]
[I][2021-02-03 14:44:06.115712][S][ITS-SSP-V1.0000000023900030003000000000220210203-144406cyshin              0139576231035N000000011100030002N                    <?xml version="1.0" encoding="ISO-8859-1"?><msg no="3" ver="0000000000000000"><t1><![CDATA[cyshin]]></t1></msg>066]
[I][2021-02-03 14:44:06.147627][R][ITS-SSP-V1.0000000509100010002000000000020210203-144356cyshin              0139576231035Y000004326400010001                     ...048]
[I][2021-02-03 14:46:20.741668][S][ITS-SSP-V1.0000000028400010001000000000120210203-144620cyshin                           Y000000021400010001N                    ...229]
[I][2021-02-03 14:46:26.988570][S][ITS-SSP-V1.0000000023900030003000000000220210203-144626cyshin              0125617131179N000000011100030002N                    <?xml version="1.0" encoding="ISO-8859-1"?><msg no="3" ver="0000000000000000"><t1><![CDATA[cyshin]]></t1></msg>069]
[I][2021-02-03 14:46:27.022301][R][ITS-SSP-V1.0000000509100010002000000000020210203-144620cyshin              0125617131179Y000004326400010001                     ...041]
[I][2021-02-03 14:50:29.602745][S][ITS-SSP-V1.0000000028400010001000000000120210203-145029cyshin                           Y000000021400010001N                    ...233]
[I][2021-02-03 14:50:39.774215][S][ITS-SSP-V1.0000000023900030003000000000220210203-145039cyshin              0209382731428N000000011100030002N                    <?xml version="1.0" encoding="ISO-8859-1"?><msg no="3" ver="0000000000000000"><t1><![CDATA[cyshin]]></t1></msg>073]
[I][2021-02-03 14:50:39.821092][R][ITS-SSP-V1.0000000509100010002000000000020210203-145029cyshin              0209382731428Y000004326400010001                     ...050]
[I][2021-02-03 14:57:56.677639][S][ITS-SSP-V1.0000000028400010001000000000120210203-145756cyshin                           Y000000021400010001N                    ...240]
[I][2021-02-03 14:58:03.498975][S][ITS-SSP-V1.0000000023900030003000000000220210203-145803cyshin              0217838831875N000000011100030002N                    <?xml version="1.0" encoding="ISO-8859-1"?><msg no="3" ver="0000000000000000"><t1><![CDATA[cyshin]]></t1></msg>084]
[I][2021-02-03 14:58:03.536648][R][ITS-SSP-V1.0000000509100010002000000000020210203-145756cyshin              0217838831875Y000004326400010001                     ...069]
[I][2021-02-03 14:59:34.611504][S][ITS-SSP-V1.0000000028400010001000000000120210203-145934cyshin                           Y000000021400010001N                    ...238]
[I][2021-02-03 14:59:50.798808][S][ITS-SSP-V1.0000000023900030003000000000220210203-145950cyshin              0210590331973N000000011100030002N                    <?xml version="1.0" encoding="ISO-8859-1"?><msg no="3" ver="0000000000000000"><t1><![CDATA[cyshin]]></t1></msg>069]
[I][2021-02-03 14:59:50.840035][R][ITS-SSP-V1.0000000509100010002000000000020210203-145934cyshin              0210590331973Y000004326400010001                     ...049]
[I][2021-02-03 15:02:20.720883][S][ITS-SSP-V1.0000000028400010001000000000120210203-150220cyshin                           Y000000021400010001N                    ...222]
[I][2021-02-03 15:02:26.550234][S][ITS-SSP-V1.0000000023900030003000000000220210203-150226cyshin              0215583032139N000000011100030002N                    <?xml version="1.0" encoding="ISO-8859-1"?><msg no="3" ver="0000000000000000"><t1><![CDATA[cyshin]]></t1></msg>060]
[I][2021-02-03 15:02:26.612068][R][ITS-SSP-V1.0000000509100010002000000000020210203-150220cyshin              0215583032139Y000004326400010001                     ...032]
[I][2021-02-03 15:16:06.163253][S][ITS-SSP-V1.0000000028400010001000000000120210203-151606cyshin                           Y000000021400010001N                    ...231]
[I][2021-02-03 15:16:14.906653][S][ITS-SSP-V1.0000000023900030003000000000220210203-151614cyshin              0264721232964N000000011100030002N                    <?xml version="1.0" encoding="ISO-8859-1"?><msg no="3" ver="0000000000000000"><t1><![CDATA[cyshin]]></t1></msg>068]
[I][2021-02-03 15:16:14.954526][R][ITS-SSP-V1.0000000511400010002000000000020210203-151605cyshin              0264721232964Y000004340300010001                     ...218]
[I][2021-02-03 16:31:02.976347][S][ITS-SSP-V1.0000000028400010001000000000120210203-163102cyshin                           Y000000021400010001N                    ...225]
[I][2021-02-03 16:31:10.155379][S][ITS-SSP-V1.0000000023900030003000000000220210203-163110cyshin              0444622437461N000000011100030002N                    <?xml version="1.0" encoding="ISO-8859-1"?><msg no="3" ver="0000000000000000"><t1><![CDATA[cyshin]]></t1></msg>061]
[I][2021-02-03 16:31:10.206243][R][ITS-SSP-V1.0000000508900010002000000000020210203-163102cyshin              0444622437461Y000004326400010001                     ...247]
[I][2021-02-03 16:33:50.726290][S][ITS-SSP-V1.0000000028400010001000000000120210203-163350cyshin                           Y000000021400010001N                    ...230]
[I][2021-02-03 16:33:56.977112][S][ITS-SSP-V1.0000000023900030003000000000220210203-163356cyshin              0317359837629N000000011100030002N                    <?xml version="1.0" encoding="ISO-8859-1"?><msg no="3" ver="0000000000000000"><t1><![CDATA[cyshin]]></t1></msg>089]
[I][2021-02-03 16:33:57.038945][R][ITS-SSP-V1.0000000508900010002000000000020210203-163350cyshin              0317359837629Y000004326400010001                     ...012]
[I][2021-02-03 16:37:38.204756][S][ITS-SSP-V1.0000000028400010001000000000120210203-163738cyshin                           Y000000021400010001N                    ...240]
[I][2021-02-03 16:37:48.686548][S][ITS-SSP-V1.0000000023900030003000000000220210203-163748cyshin              0366276537856N000000011100030002N                    <?xml version="1.0" encoding="ISO-8859-1"?><msg no="3" ver="0000000000000000"><t1><![CDATA[cyshin]]></t1></msg>095]
[I][2021-02-03 16:37:48.801242][R][ITS-SSP-V1.0000000508900010002000000000020210203-163737cyshin              0366276537856Y000004326400010001                     ...022]
[I][2021-02-03 16:51:24.254453][S][ITS-SSP-V1.0000000028400010001000000000120210203-165124cyshin                           Y000000021400010001N                    ...231]
[I][2021-02-03 16:51:29.283755][S][ITS-SSP-V1.0000000023900030003000000000220210203-165129cyshin              0369088738682N000000011100030002N                    <?xml version="1.0" encoding="ISO-8859-1"?><msg no="3" ver="0000000000000000"><t1><![CDATA[cyshin]]></t1></msg>094]
[I][2021-02-03 16:51:29.320732][R][ITS-SSP-V1.0000000508900010002000000000020210203-165123cyshin              0369088738682Y000004326400010001                     ...017]
[I][2021-02-03 17:03:48.625912][S][ITS-SSP-V1.0000000028400010001000000000120210203-170348cyshin                           Y000000021400010001N                    ...235]
[I][2021-02-03 17:03:54.950228][S][ITS-SSP-V1.0000000023900030003000000000220210203-170354cyshin              0407454439427N000000011100030002N                    <?xml version="1.0" encoding="ISO-8859-1"?><msg no="3" ver="0000000000000000"><t1><![CDATA[cyshin]]></t1></msg>075]
[I][2021-02-03 17:03:54.995972][R][ITS-SSP-V1.0000000508900010002000000000020210203-170348cyshin              0407454439427Y000004326400010001                     ...007]
[I][2021-02-03 17:04:15.361006][S][ITS-SSP-V1.0000000028400010001000000000120210203-170415cyshin                           Y000000021400010001N                    ...230]
[I][2021-02-03 17:04:22.016495][S][ITS-SSP-V1.0000000023900030003000000000220210203-170421cyshin              0480834239453N000000011100030002N                    <?xml version="1.0" encoding="ISO-8859-1"?><msg no="3" ver="0000000000000000"><t1><![CDATA[cyshin]]></t1></msg>070]
[I][2021-02-03 17:04:22.056731][R][ITS-SSP-V1.0000000508900010002000000000020210203-170414cyshin              0480834239453Y000004326400010001                     ...001]
[I][2021-02-03 17:12:21.428038][S][ITS-SSP-V1.0000000028400010001000000000120210203-171221cyshin                           Y000000021400010001N                    ...226]
[I][2021-02-03 17:12:27.560472][S][ITS-SSP-V1.0000000023900030003000000000220210203-171227cyshin              0387696539939N000000011100030002N                    <?xml version="1.0" encoding="ISO-8859-1"?><msg no="3" ver="0000000000000000"><t1><![CDATA[cyshin]]></t1></msg>099]
[I][2021-02-03 17:12:27.591389][R][ITS-SSP-V1.0000000508900010002000000000020210203-171221cyshin              0387696539939Y000004326400010001                     ...022]
[I][2021-02-03 17:14:22.879821][S][ITS-SSP-V1.0000000028400010001000000000120210203-171422cyshin                           Y000000021400010001N                    ...229]
[I][2021-02-03 17:14:37.281599][S][ITS-SSP-V1.0000000023900030003000000000220210203-171437cyshin              0324651640061N000000011100030002N                    <?xml version="1.0" encoding="ISO-8859-1"?><msg no="3" ver="0000000000000000"><t1><![CDATA[cyshin]]></t1></msg>063]
[I][2021-02-03 17:14:37.306499][R][ITS-SSP-V1.0000000508900010002000000000020210203-171422cyshin              0324651640061Y000004326400010001                     ...242]
[I][2021-02-03 17:15:37.231435][S][ITS-SSP-V1.0000000028400010001000000000120210203-171537cyshin                           Y000000021400010001N                    ...236]
[I][2021-02-03 17:15:43.025806][S][ITS-SSP-V1.0000000023900030003000000000220210203-171543cyshin              0366697340135N000000011100030002N                    <?xml version="1.0" encoding="ISO-8859-1"?><msg no="3" ver="0000000000000000"><t1><![CDATA[cyshin]]></t1></msg>076]
[I][2021-02-03 17:15:43.069689][R][ITS-SSP-V1.0000000508900010002000000000020210203-171536cyshin              0366697340135Y000004326400010001                     ...007]
[I][2021-02-03 17:16:56.804805][S][ITS-SSP-V1.0000000028400010001000000000120210203-171656cyshin                           Y000000021400010001N                    ...238]
[I][2021-02-03 17:17:29.708221][S][ITS-SSP-V1.0000000023900030003000000000320210203-171729cyshin              0325228140215N000000011100030003N                    <?xml version="1.0" encoding="ISO-8859-1"?><msg no="3" ver="0000000000000000"><t1><![CDATA[cyshin]]></t1></msg>066]
[I][2021-02-03 17:17:29.746120][R][ITS-SSP-V1.0000000508900010002000000000020210203-171656cyshin              0325228140215Y000004326400010001                     ...248]
[I][2021-02-03 17:18:40.148406][S][ITS-SSP-V1.0000000028400010001000000000120210203-171840cyshin                           Y000000021400010001N                    ...233]
[I][2021-02-03 17:18:46.991859][S][ITS-SSP-V1.0000000023900030003000000000220210203-171846cyshin              0459292140318N000000011100030002N                    <?xml version="1.0" encoding="ISO-8859-1"?><msg no="3" ver="0000000000000000"><t1><![CDATA[cyshin]]></t1></msg>077]
[I][2021-02-03 17:18:47.045726][R][ITS-SSP-V1.0000000508900010002000000000020210203-171839cyshin              0459292140318Y000004326400010001                     ...008]
[I][2021-02-03 17:20:30.681072][S][ITS-SSP-V1.0000000028400010001000000000120210203-172030cyshin                           Y000000021400010001N                    ...225]
[I][2021-02-03 17:20:50.761887][S][ITS-SSP-V1.0000000023900030003000000000220210203-172050cyshin              0407176940429N000000011100030002N                    <?xml version="1.0" encoding="ISO-8859-1"?><msg no="3" ver="0000000000000000"><t1><![CDATA[cyshin]]></t1></msg>070]
[I][2021-02-03 17:20:50.797791][R][ITS-SSP-V1.0000000508900010002000000000020210203-172030cyshin              0407176940429Y000004326400010001                     ...253]
[I][2021-02-03 17:22:53.762555][S][ITS-SSP-V1.0000000028400010001000000000120210203-172253cyshin                           Y000000021400010001N                    ...232]
[I][2021-02-03 17:24:42.121086][S][ITS-SSP-V1.0000000028400010001000000000120210203-172442cyshin                           Y000000021400010001N                    ...232]
[I][2021-02-03 17:24:49.414709][S][ITS-SSP-V1.0000000023900030003000000000220210203-172449cyshin              0454712740680N000000011100030002N                    <?xml version="1.0" encoding="ISO-8859-1"?><msg no="3" ver="0000000000000000"><t1><![CDATA[cyshin]]></t1></msg>077]
[I][2021-02-03 17:24:49.448619][R][ITS-SSP-V1.0000000508900010002000000000020210203-172441cyshin              0454712740680Y000004326400010001                     ...254]
[I][2021-02-03 17:25:20.170771][S][ITS-SSP-V1.0000000028400010001000000000120210203-172520cyshin                           Y000000021400010001N                    ...229]
[I][2021-02-03 17:25:34.156098][S][ITS-SSP-V1.0000000023900030003000000000220210203-172534cyshin              0460300540718N000000011100030002N                    <?xml version="1.0" encoding="ISO-8859-1"?><msg no="3" ver="0000000000000000"><t1><![CDATA[cyshin]]></t1></msg>062]
[I][2021-02-03 17:25:34.186027][R][ITS-SSP-V1.0000000508900010002000000000020210203-172519cyshin              0460300540718Y000004326400010001                     ...250]
[I][2021-02-03 17:26:18.630283][S][ITS-SSP-V1.0000000028400010001000000000120210203-172618cyshin                           Y000000021400010001N                    ...237]
[I][2021-02-03 17:26:57.942413][S][ITS-SSP-V1.0000000023900030003000000000320210203-172657cyshin              0406043840777N000000011100030003N                    <?xml version="1.0" encoding="ISO-8859-1"?><msg no="3" ver="0000000000000000"><t1><![CDATA[cyshin]]></t1></msg>082]
[I][2021-02-03 17:26:57.979314][R][ITS-SSP-V1.0000000508900010002000000000020210203-172618cyshin              0406043840777Y000004326400010001                     ...006]
[I][2021-02-03 17:44:44.675511][S][ITS-SSP-V1.0000000028400010001000000000120210203-174444cyshin                           Y000000021400010001N                    ...236]
[I][2021-02-03 17:48:39.795577][S][ITS-SSP-V1.0000000028400010001000000000120210203-174839cyshin                           Y000000021400010001N                    ...244]
[I][2021-02-03 17:48:46.487686][S][ITS-SSP-V1.0000000023900030003000000000220210203-174846cyshin              0417012742118N000000011100030002N                    <?xml version="1.0" encoding="ISO-8859-1"?><msg no="3" ver="0000000000000000"><t1><![CDATA[cyshin]]></t1></msg>070]
[I][2021-02-03 17:48:46.519687][R][ITS-SSP-V1.0000000508900010002000000000020210203-174839cyshin              0417012742118Y000004326400010001                     ...001]
[I][2021-02-03 18:00:53.622790][S][ITS-SSP-V1.0000000028400010001000000000120210203-180053cyshin                           Y000000021400010001N                    ...229]
[I][2021-02-03 18:01:11.449708][S][ITS-SSP-V1.0000000028400010001000000000120210203-180111cyshin                           Y000000021400010001N                    ...224]
[I][2021-02-03 18:01:32.942478][S][ITS-SSP-V1.0000000023900030003000000000220210203-180132cyshin              0483774842869N000000011100030002N                    <?xml version="1.0" encoding="ISO-8859-1"?><msg no="3" ver="0000000000000000"><t1><![CDATA[cyshin]]></t1></msg>087]
[I][2021-02-03 18:01:32.981101][R][ITS-SSP-V1.0000000508900010002000000000020210203-180111cyshin              0483774842869Y000004326400010001                     ...013]
[I][2021-02-03 18:01:58.519986][S][ITS-SSP-V1.0000000028400010001000000000120210203-180158cyshin                           Y000000021400010001N                    ...235]
[I][2021-02-03 18:02:08.919334][S][ITS-SSP-V1.0000000023900030003000000000220210203-180208cyshin              0489004142916N000000011100030002N                    <?xml version="1.0" encoding="ISO-8859-1"?><msg no="3" ver="0000000000000000"><t1><![CDATA[cyshin]]></t1></msg>069]
[I][2021-02-03 18:02:08.951165][R][ITS-SSP-V1.0000000508900010002000000000020210203-180158cyshin              0489004142916Y000004326400010001                     ...002]
[I][2021-02-03 18:19:36.241289][S][ITS-SSP-V1.0000000028400010001000000000120210203-181936cyshin                           Y000000021400010001N                    ...240]
[I][2021-02-03 18:19:54.590744][S][ITS-SSP-V1.0000000023900030003000000000220210203-181954cyshin              0260451843974N000000011100030002N                    <?xml version="1.0" encoding="ISO-8859-1"?><msg no="3" ver="0000000000000000"><t1><![CDATA[cyshin]]></t1></msg>083]
[I][2021-02-03 18:19:54.636959][R][ITS-SSP-V1.0000000508900010002000000000020210203-181935cyshin              0260451843974Y000004326400010001                     ...011]
[I][2021-02-03 18:20:29.432949][S][ITS-SSP-V1.0000000028400010001000000000120210203-182029cyshin                           Y000000021400010001N                    ...234]
[I][2021-02-03 18:20:37.957155][S][ITS-SSP-V1.0000000023900030003000000000220210203-182037cyshin              0279890344027N000000011100030002N                    <?xml version="1.0" encoding="ISO-8859-1"?><msg no="3" ver="0000000000000000"><t1><![CDATA[cyshin]]></t1></msg>078]
[I][2021-02-03 18:20:37.992062][R][ITS-SSP-V1.0000000508900010002000000000020210203-182029cyshin              0279890344027Y000004326400010001                     ...008]
[I][2021-02-03 18:23:44.401111][S][ITS-SSP-V1.0000000028400010001000000000120210203-182344cyshin                           Y000000021400010001N                    ...234]
[I][2021-02-03 18:23:53.802238][S][ITS-SSP-V1.0000000023900030003000000000220210203-182353cyshin              0178006044222N000000011100030002N                    <?xml version="1.0" encoding="ISO-8859-1"?><msg no="3" ver="0000000000000000"><t1><![CDATA[cyshin]]></t1></msg>060]
[I][2021-02-03 18:23:53.840318][R][ITS-SSP-V1.0000000508900010002000000000020210203-182343cyshin              0178006044222Y000004326400010001                     ...244]
[I][2021-02-03 18:26:37.401665][S][ITS-SSP-V1.0000000028400010001000000000120210203-182637cyshin                           Y000000021400010001N                    ...239]
[I][2021-02-03 18:26:46.231137][S][ITS-SSP-V1.0000000023900030003000000000220210203-182646cyshin              0180929844395N000000011100030002N                    <?xml version="1.0" encoding="ISO-8859-1"?><msg no="3" ver="0000000000000000"><t1><![CDATA[cyshin]]></t1></msg>091]
[I][2021-02-03 18:26:46.277015][R][ITS-SSP-V1.0000000508900010002000000000020210203-182637cyshin              0180929844395Y000004326400010001                     ...020]
[I][2021-02-03 18:27:32.439705][S][ITS-SSP-V1.0000000028400010001000000000120210203-182732cyshin                           Y000000021400010001N                    ...235]
[I][2021-02-03 18:27:44.071605][S][ITS-SSP-V1.0000000023900030003000000000220210203-182744cyshin              0186053344450N000000011100030002N                    <?xml version="1.0" encoding="ISO-8859-1"?><msg no="3" ver="0000000000000000"><t1><![CDATA[cyshin]]></t1></msg>071]
[I][2021-02-03 18:27:44.108329][R][ITS-SSP-V1.0000000508900010002000000000020210203-182732cyshin              0186053344450Y000004326400010001                     ...253]
[I][2021-02-03 18:30:48.527822][S][ITS-SSP-V1.0000000028400010001000000000120210203-183048cyshin                           Y000000021400010001N                    ...236]
[I][2021-02-03 18:31:06.118134][S][ITS-SSP-V1.0000000023900030003000000000220210203-183106cyshin              0192522244646N000000011100030002N                    <?xml version="1.0" encoding="ISO-8859-1"?><msg no="3" ver="0000000000000000"><t1><![CDATA[cyshin]]></t1></msg>068]
[I][2021-02-03 18:31:06.152043][R][ITS-SSP-V1.0000000508900010002000000000020210203-183048cyshin              0192522244646Y000004326400010001                     ...002]
[I][2021-02-03 18:45:39.265465][S][ITS-SSP-V1.0000000028400010001000000000120210203-184539cyshin                           Y000000021400010001N                    ...242]
[I][2021-02-03 18:45:42.569530][R][ITS-SSP-V1.0000000025500010010000000000020210203-184538cyshin              0266995945537N000000012700010001                     <?xml version='1.0' ?><msg no='10' ver='1'><t6>16</t6><t7><![CDATA[[cyshin] 아이디는 이미 사용중입니다.]]></t7><t8>0</t8></msg>059]
[I][2021-02-03 18:45:47.099955][S][ITS-SSP-V1.0000000028400010001000000000220210203-184547cyshin                           Y000000021400010002N                    ...243]
[I][2021-02-03 18:46:03.339783][S][ITS-SSP-V1.0000000023900030003000000000320210203-184603cyshin              0266995945537N000000011100030003N                    <?xml version="1.0" encoding="ISO-8859-1"?><msg no="3" ver="0000000000000000"><t1><![CDATA[cyshin]]></t1></msg>096]
[I][2021-02-03 18:46:03.374248][R][ITS-SSP-V1.0000000508900010002000000000120210203-184546cyshin              0266995945537Y000004326400010002                     ...031]
[I][2021-02-03 18:50:33.470679][S][ITS-SSP-V1.0000000028400010001000000000120210203-185033cyshin                           Y000000021400010001N                    ...232]
[I][2021-02-03 18:50:53.854041][S][ITS-SSP-V1.0000000023900030003000000000220210203-185053cyshin              0182745845831N000000011100030002N                    <?xml version="1.0" encoding="ISO-8859-1"?><msg no="3" ver="0000000000000000"><t1><![CDATA[cyshin]]></t1></msg>080]
[I][2021-02-03 18:50:53.889652][R][ITS-SSP-V1.0000000508900010002000000000020210203-185033cyshin              0182745845831Y000004326400010001                     ...007]
[I][2021-02-03 19:08:04.678175][S][ITS-SSP-V1.0000000028400010001000000000120210203-190804cyshin                           Y000000021400010001N                    ...234]
[I][2021-02-03 19:08:31.988420][S][ITS-SSP-V1.0000000023900030003000000000220210203-190831cyshin              0103333646883N000000011100030002N                    <?xml version="1.0" encoding="ISO-8859-1"?><msg no="3" ver="0000000000000000"><t1><![CDATA[cyshin]]></t1></msg>072]
[I][2021-02-03 19:08:32.021492][R][ITS-SSP-V1.0000000508900010002000000000020210203-190804cyshin              0103333646883Y000004326400010001                     ...001]
